<?xml version="1.0" encoding="UTF-8"?>
<testsuite name="TestSuite" time="51.298" tests="2" errors="0" skipped="0" failures="2">
  <properties>
[...]
</properties>
  <testcase name="scnario_use_case" classname="hybridFramework.usecase_classic" time="33.228">
    <failure message="no such window: window was already closed&#10;  (Session info: chrome=80.0.3987.163)&#10;Build info: version: &apos;3.141.59&apos;, revision: &apos;e82be7d358&apos;, time: &apos;2018-11-14T08:17:03&apos;&#10;System info: host: &apos;Familys-MBP.attlocal.net&apos;, ip: &apos;2600:1700:1151:30:0:0:0:47%en0&apos;, os.name: &apos;Mac OS X&apos;, os.arch: &apos;x86_64&apos;, os.version: &apos;10.13.6&apos;, java.version: &apos;1.8.0_231&apos;&#10;Driver info: org.openqa.selenium.chrome.ChromeDriver&#10;Capabilities {acceptInsecureCerts: false, browserName: chrome, browserVersion: 80.0.3987.163, chrome: {chromedriverVersion: 80.0.3987.106 (f68069574609..., userDataDir: /var/folders/d9/8xfwpx7x2mq...}, goog:chromeOptions: {debuggerAddress: localhost:61539}, javascriptEnabled: true, networkConnectionEnabled: false, pageLoadStrategy: normal, platform: MAC, platformName: MAC, proxy: Proxy(), setWindowRect: true, strictFileInteractability: false, timeouts: {implicit: 0, pageLoad: 300000, script: 30000}, unhandledPromptBehavior: dismiss and notify}&#10;Session ID: a573d573a68cf795be4e9dbb6a80eed8&#10;*** Element info: {Using=xpath, value=//input[@value=&apos;No Thanks&apos;]}" type="org.openqa.selenium.NoSuchWindowException">org.openqa.selenium.NoSuchWindowException: no such window: window was already closed
  (Session info: chrome=80.0.3987.163)
Build info: version: '3.141.59', revision: 'e82be7d358', time: '2018-11-14T08:17:03'
System info: host: 'Familys-MBP.attlocal.net', ip: '2600:1700:1151:30:0:0:0:47%en0', os.name: 'Mac OS X', os.arch: 'x86_64', os.version: '10.13.6', java.version: '1.8.0_231'
Driver info: org.openqa.selenium.chrome.ChromeDriver
Capabilities {acceptInsecureCerts: false, browserName: chrome, browserVersion: 80.0.3987.163, chrome: {chromedriverVersion: 80.0.3987.106 (f68069574609..., userDataDir: /var/folders/d9/8xfwpx7x2mq...}, goog:chromeOptions: {debuggerAddress: localhost:61539}, javascriptEnabled: true, networkConnectionEnabled: false, pageLoadStrategy: normal, platform: MAC, platformName: MAC, proxy: Proxy(), setWindowRect: true, strictFileInteractability: false, timeouts: {implicit: 0, pageLoad: 300000, script: 30000}, unhandledPromptBehavior: dismiss and notify}
Session ID: a573d573a68cf795be4e9dbb6a80eed8
*** Element info: {Using=xpath, value=//input[@value='No Thanks']}
	at sun.reflect.NativeConstructorAccessorImpl.newInstance0(Native Method)
	at sun.reflect.NativeConstructorAccessorImpl.newInstance(NativeConstructorAccessorImpl.java:62)
	at sun.reflect.DelegatingConstructorAccessorImpl.newInstance(DelegatingConstructorAccessorImpl.java:45)
	at java.lang.reflect.Constructor.newInstance(Constructor.java:423)
	at org.openqa.selenium.remote.http.W3CHttpResponseCodec.createException(W3CHttpResponseCodec.java:187)
	at org.openqa.selenium.remote.http.W3CHttpResponseCodec.decode(W3CHttpResponseCodec.java:122)
	at org.openqa.selenium.remote.http.W3CHttpResponseCodec.decode(W3CHttpResponseCodec.java:49)
	at org.openqa.selenium.remote.HttpCommandExecutor.execute(HttpCommandExecutor.java:158)
	at org.openqa.selenium.remote.service.DriverCommandExecutor.execute(DriverCommandExecutor.java:83)
	at org.openqa.selenium.remote.RemoteWebDriver.execute(RemoteWebDriver.java:552)
	at org.openqa.selenium.remote.RemoteWebDriver.findElement(RemoteWebDriver.java:323)
	at org.openqa.selenium.remote.RemoteWebDriver.findElementByXPath(RemoteWebDriver.java:428)
	at org.openqa.selenium.By$ByXPath.findElement(By.java:353)
	at org.openqa.selenium.remote.RemoteWebDriver.findElement(RemoteWebDriver.java:315)
	at hybridFramework.usecase_classic.scnario_use_case(usecase_classic.java:24)
</failure>
    <system-err><![CDATA[Starting ChromeDriver 80.0.3987.106 (f68069574609230cf9b635cd784cfb1bf81bb53a-refs/branch-heads/3987@{#882}) on port 27815
Only local connections are allowed.
Please protect ports used by ChromeDriver and related test frameworks to prevent access by malicious code.
Apr 12, 2020 7:41:44 PM org.openqa.selenium.remote.ProtocolHandshake createSession
INFO: Detected dialect: W3C
[1586745705.670][SEVERE]: Timed out receiving message from renderer: 0.100
[1586745724.327][SEVERE]: Timed out receiving message from renderer: 0.100
[1586745724.734][SEVERE]: Timed out receiving message from renderer: 0.100
[1586745724.836][SEVERE]: Timed out receiving message from renderer: 0.100
[1586745724.939][SEVERE]: Timed out receiving message from renderer: 0.100
[1586745725.041][SEVERE]: Timed out receiving message from renderer: 0.100
[1586745725.143][SEVERE]: Timed out receiving message from renderer: 0.100
[1586745725.245][SEVERE]: Timed out receiving message from renderer: 0.100
[1586745725.347][SEVERE]: Timed out receiving message from renderer: 0.100
[1586745725.450][SEVERE]: Timed out receiving message from renderer: 0.100
[1586745725.552][SEVERE]: Timed out receiving message from renderer: 0.100
[1586745725.655][SEVERE]: Timed out receiving message from renderer: 0.100
[1586745725.757][SEVERE]: Timed out receiving message from renderer: 0.100
[1586745725.902][SEVERE]: Timed out receiving message from renderer: 0.100
[1586745726.035][SEVERE]: Timed out receiving message from renderer: 0.100
[1586745726.188][SEVERE]: Timed out receiving message from renderer: 0.100
[1586745726.291][SEVERE]: Timed out receiving message from renderer: 0.100
[1586745726.425][SEVERE]: Timed out receiving message from renderer: 0.100
[1586745726.757][SEVERE]: Timed out receiving message from renderer: 0.100
[1586745726.866][SEVERE]: Timed out receiving message from renderer: 0.100
[1586745726.968][SEVERE]: Timed out receiving message from renderer: 0.100
[1586745727.070][SEVERE]: Timed out receiving message from renderer: 0.100
[1586745727.171][SEVERE]: Timed out receiving message from renderer: 0.100
[1586745727.338][SEVERE]: Timed out receiving message from renderer: 0.100
[1586745727.441][SEVERE]: Timed out receiving message from renderer: 0.100
[1586745727.672][SEVERE]: Timed out receiving message from renderer: 0.100
[1586745727.774][SEVERE]: Timed out receiving message from renderer: 0.100
[1586745727.876][SEVERE]: Timed out receiving message from renderer: 0.100
]]></system-err>
  </testcase>
  <testcase name="scnario_use_case" classname="hybridFramework.UseCase1" time="18.07">
    <failure message="no such window: window was already closed&#10;  (Session info: chrome=80.0.3987.163)&#10;Build info: version: &apos;3.141.59&apos;, revision: &apos;e82be7d358&apos;, time: &apos;2018-11-14T08:17:03&apos;&#10;System info: host: &apos;Familys-MBP.attlocal.net&apos;, ip: &apos;2600:1700:1151:30:0:0:0:47%en0&apos;, os.name: &apos;Mac OS X&apos;, os.arch: &apos;x86_64&apos;, os.version: &apos;10.13.6&apos;, java.version: &apos;1.8.0_231&apos;&#10;Driver info: org.openqa.selenium.chrome.ChromeDriver&#10;Capabilities {acceptInsecureCerts: false, browserName: chrome, browserVersion: 80.0.3987.163, chrome: {chromedriverVersion: 80.0.3987.106 (f68069574609..., userDataDir: /var/folders/d9/8xfwpx7x2mq...}, goog:chromeOptions: {debuggerAddress: localhost:61766}, javascriptEnabled: true, networkConnectionEnabled: false, pageLoadStrategy: normal, platform: MAC, platformName: MAC, proxy: Proxy(), setWindowRect: true, strictFileInteractability: false, timeouts: {implicit: 0, pageLoad: 300000, script: 30000}, unhandledPromptBehavior: dismiss and notify}&#10;Session ID: 5851554f27a20439dbd541564a067c2b" type="org.openqa.selenium.NoSuchWindowException">org.openqa.selenium.NoSuchWindowException: no such window: window was already closed
  (Session info: chrome=80.0.3987.163)
Build info: version: '3.141.59', revision: 'e82be7d358', time: '2018-11-14T08:17:03'
System info: host: 'Familys-MBP.attlocal.net', ip: '2600:1700:1151:30:0:0:0:47%en0', os.name: 'Mac OS X', os.arch: 'x86_64', os.version: '10.13.6', java.version: '1.8.0_231'
Driver info: org.openqa.selenium.chrome.ChromeDriver
Capabilities {acceptInsecureCerts: false, browserName: chrome, browserVersion: 80.0.3987.163, chrome: {chromedriverVersion: 80.0.3987.106 (f68069574609..., userDataDir: /var/folders/d9/8xfwpx7x2mq...}, goog:chromeOptions: {debuggerAddress: localhost:61766}, javascriptEnabled: true, networkConnectionEnabled: false, pageLoadStrategy: normal, platform: MAC, platformName: MAC, proxy: Proxy(), setWindowRect: true, strictFileInteractability: false, timeouts: {implicit: 0, pageLoad: 300000, script: 30000}, unhandledPromptBehavior: dismiss and notify}
Session ID: 5851554f27a20439dbd541564a067c2b
	at sun.reflect.NativeConstructorAccessorImpl.newInstance0(Native Method)
	at sun.reflect.NativeConstructorAccessorImpl.newInstance(NativeConstructorAccessorImpl.java:62)
	at sun.reflect.DelegatingConstructorAccessorImpl.newInstance(DelegatingConstructorAccessorImpl.java:45)
	at java.lang.reflect.Constructor.newInstance(Constructor.java:423)
	at org.openqa.selenium.remote.http.W3CHttpResponseCodec.createException(W3CHttpResponseCodec.java:187)
	at org.openqa.selenium.remote.http.W3CHttpResponseCodec.decode(W3CHttpResponseCodec.java:122)
	at org.openqa.selenium.remote.http.W3CHttpResponseCodec.decode(W3CHttpResponseCodec.java:49)
	at org.openqa.selenium.remote.HttpCommandExecutor.execute(HttpCommandExecutor.java:158)
	at org.openqa.selenium.remote.service.DriverCommandExecutor.execute(DriverCommandExecutor.java:83)
	at org.openqa.selenium.remote.RemoteWebDriver.execute(RemoteWebDriver.java:552)
	at org.openqa.selenium.remote.RemoteWebDriver.get(RemoteWebDriver.java:277)
	at hybridFramework.CommonFunctions.navigateUrl(CommonFunctions.java:8)
	at hybridFramework.UseCase1.scnario_use_case(UseCase1.java:22)
</failure>
    <system-err><![CDATA[Starting ChromeDriver 80.0.3987.106 (f68069574609230cf9b635cd784cfb1bf81bb53a-refs/branch-heads/3987@{#882}) on port 45525
Only local connections are allowed.
Please protect ports used by ChromeDriver and related test frameworks to prevent access by malicious code.
Apr 12, 2020 7:42:19 PM org.openqa.selenium.remote.ProtocolHandshake createSession
INFO: Detected dialect: W3C
[1586745739.908][SEVERE]: Timed out receiving message from renderer: 0.100
[1586745740.013][SEVERE]: Timed out receiving message from renderer: 0.100
[1586745740.116][SEVERE]: Timed out receiving message from renderer: 0.100
[1586745740.218][SEVERE]: Timed out receiving message from renderer: 0.100
[1586745740.320][SEVERE]: Timed out receiving message from renderer: 0.100
[1586745740.423][SEVERE]: Timed out receiving message from renderer: 0.100
[1586745740.525][SEVERE]: Timed out receiving message from renderer: 0.100
[1586745740.628][SEVERE]: Timed out receiving message from renderer: 0.100
[1586745740.731][SEVERE]: Timed out receiving message from renderer: 0.100
[1586745740.834][SEVERE]: Timed out receiving message from renderer: 0.100
[1586745740.936][SEVERE]: Timed out receiving message from renderer: 0.100
[1586745741.039][SEVERE]: Timed out receiving message from renderer: 0.100
[1586745741.305][SEVERE]: Timed out receiving message from renderer: 0.100
[1586745752.502][SEVERE]: Unable to receive message from renderer
]]></system-err>
  </testcase>
</testsuite>