<?xml version="1.0" encoding="UTF-8"?>
<testng-results skipped="0" failed="0" total="2" passed="2">
  <reporter-output>
  </reporter-output>
  <suite name="Suite" duration-ms="260774" started-at="2020-04-13T05:25:46Z" finished-at="2020-04-13T05:30:07Z">
    <groups>
    </groups>
    <test name="Test" duration-ms="260774" started-at="2020-04-13T05:25:46Z" finished-at="2020-04-13T05:30:07Z">
      <class name="hybridFramework.usecase_classic">
        <test-method status="PASS" signature="openbrowser()[pri:0, instance:hybridFramework.usecase_classic@134593bf]" name="openbrowser" is-config="true" duration-ms="1879" started-at="2020-04-12T22:25:44Z" finished-at="2020-04-12T22:25:46Z">
          <reporter-output>
          </reporter-output>
        </test-method> <!-- openbrowser -->
        <test-method status="PASS" signature="scnario_use_case()[pri:0, instance:hybridFramework.usecase_classic@134593bf]" name="scnario_use_case" duration-ms="124051" started-at="2020-04-12T22:25:46Z" finished-at="2020-04-12T22:27:50Z">
          <reporter-output>
          </reporter-output>
        </test-method> <!-- scnario_use_case -->
        <test-method status="PASS" signature="closeBrowser()[pri:0, instance:hybridFramework.usecase_classic@134593bf]" name="closeBrowser" is-config="true" duration-ms="0" started-at="2020-04-12T22:30:07Z" finished-at="2020-04-12T22:30:07Z">
          <reporter-output>
          </reporter-output>
        </test-method> <!-- closeBrowser -->
      </class> <!-- hybridFramework.usecase_classic -->
      <class name="hybridFramework.UseCase1">
        <test-method status="PASS" signature="scnario_use_case()[pri:0, instance:hybridFramework.UseCase1@17baae6e]" name="scnario_use_case" duration-ms="136713" started-at="2020-04-12T22:27:50Z" finished-at="2020-04-12T22:30:07Z">
          <reporter-output>
          </reporter-output>
        </test-method> <!-- scnario_use_case -->
      </class> <!-- hybridFramework.UseCase1 -->
    </test> <!-- Test -->
  </suite> <!-- Suite -->
</testng-results>
