<?xml version="1.0" encoding="UTF-8"?>
<testng-results skipped="0" failed="0" ignored="0" total="1" passed="1">
  <reporter-output>
  </reporter-output>
  <suite name="Default suite" duration-ms="150130" started-at="2020-04-12T05:27:28Z" finished-at="2020-04-12T05:29:58Z">
    <groups>
    </groups>
    <test name="Default test" duration-ms="150130" started-at="2020-04-12T05:27:28Z" finished-at="2020-04-12T05:29:58Z">
      <class name="hybridFramework.usecase_classic">
        <test-method status="PASS" signature="openbrowser()[pri:0, instance:hybridFramework.usecase_classic@1753acfe]" name="openbrowser" is-config="true" duration-ms="2146" started-at="2020-04-11T22:27:26Z" finished-at="2020-04-11T22:27:28Z">
          <reporter-output>
          </reporter-output>
        </test-method> <!-- openbrowser -->
        <test-method status="PASS" signature="scnario_use_case()[pri:0, instance:hybridFramework.usecase_classic@1753acfe]" name="scnario_use_case" duration-ms="150115" started-at="2020-04-11T22:27:28Z" finished-at="2020-04-11T22:29:58Z">
          <reporter-output>
          </reporter-output>
        </test-method> <!-- scnario_use_case -->
        <test-method status="PASS" signature="closeBrowser()[pri:0, instance:hybridFramework.usecase_classic@1753acfe]" name="closeBrowser" is-config="true" duration-ms="0" started-at="2020-04-11T22:29:58Z" finished-at="2020-04-11T22:29:58Z">
          <reporter-output>
          </reporter-output>
        </test-method> <!-- closeBrowser -->
      </class> <!-- hybridFramework.usecase_classic -->
    </test> <!-- Default test -->
  </suite> <!-- Default suite -->
</testng-results>
